<?xml version="1.0" encoding="UTF-8"?>
<coverage generated="1519221432468" clover="3.2.0">
  <project timestamp="1519221432468" name="All files">
    <metrics statements="29" coveredstatements="10" conditionals="10" coveredconditionals="3" methods="14" coveredmethods="4" elements="53" coveredelements="17" complexity="0" loc="29" ncloc="29" packages="4" files="6" classes="6">
      <package name="src.actions">
        <metrics statements="4" coveredstatements="1" conditionals="0" coveredconditionals="0" methods="2" coveredmethods="0"/>
        <file name="ActionTypes.js" path="/Users/mac/Documents/Personal Github/React-google-maps/src/actions/ActionTypes.js">
          <metrics statements="0" coveredstatements="0" conditionals="0" coveredconditionals="0" methods="0" coveredmethods="0"/>
        </file>
        <file name="index.js" path="/Users/mac/Documents/Personal Github/React-google-maps/src/actions/index.js">
          <metrics statements="4" coveredstatements="1" conditionals="0" coveredconditionals="0" methods="2" coveredmethods="0"/>
          <line num="3" count="1" type="stmt"/>
          <line num="4" count="0" type="stmt"/>
          <line num="5" count="0" type="stmt"/>
          <line num="29" count="0" type="stmt"/>
        </file>
      </package>
      <package name="src.components">
        <metrics statements="3" coveredstatements="0" conditionals="4" coveredconditionals="0" methods="2" coveredmethods="0"/>
        <file name="MapItem.jsx" path="/Users/mac/Documents/Personal Github/React-google-maps/src/components/MapItem.jsx">
          <metrics statements="3" coveredstatements="0" conditionals="4" coveredconditionals="0" methods="2" coveredmethods="0"/>
          <line num="17" count="0" type="stmt"/>
          <line num="19" count="0" type="stmt"/>
          <line num="25" count="0" type="stmt"/>
        </file>
      </package>
      <package name="src.pages.app">
        <metrics statements="21" coveredstatements="8" conditionals="6" coveredconditionals="3" methods="10" coveredmethods="4"/>
        <file name="App.jsx" path="/Users/mac/Documents/Personal Github/React-google-maps/src/pages/app/App.jsx">
          <metrics statements="14" coveredstatements="6" conditionals="6" coveredconditionals="3" methods="7" coveredmethods="3"/>
          <line num="24" count="1" type="stmt"/>
          <line num="28" count="0" type="stmt"/>
          <line num="32" count="0" type="stmt"/>
          <line num="33" count="0" type="stmt"/>
          <line num="35" count="0" type="cond" truecount="0" falsecount="2"/>
          <line num="36" count="0" type="stmt"/>
          <line num="39" count="0" type="stmt"/>
          <line num="44" count="1" type="stmt"/>
          <line num="45" count="1" type="stmt"/>
          <line num="47" count="1" type="stmt"/>
          <line num="51" count="0" type="stmt"/>
          <line num="67" count="0" type="stmt"/>
          <line num="77" count="1" type="stmt"/>
          <line num="81" count="1" type="stmt"/>
        </file>
        <file name="AppListItem.js" path="/Users/mac/Documents/Personal Github/React-google-maps/src/pages/app/AppListItem.js">
          <metrics statements="7" coveredstatements="2" conditionals="0" coveredconditionals="0" methods="3" coveredmethods="1"/>
          <line num="11" count="0" type="stmt"/>
          <line num="12" count="0" type="stmt"/>
          <line num="14" count="0" type="stmt"/>
          <line num="18" count="0" type="stmt"/>
          <line num="20" count="0" type="stmt"/>
          <line num="24" count="1" type="stmt"/>
          <line num="26" count="1" type="stmt"/>
        </file>
      </package>
      <package name="tests">
        <metrics statements="1" coveredstatements="1" conditionals="0" coveredconditionals="0" methods="0" coveredmethods="0"/>
        <file name="setup.js" path="/Users/mac/Documents/Personal Github/React-google-maps/tests/setup.js">
          <metrics statements="1" coveredstatements="1" conditionals="0" coveredconditionals="0" methods="0" coveredmethods="0"/>
          <line num="4" count="3" type="stmt"/>
        </file>
      </package>
    </metrics>
  </project>
</coverage>
