{"/Users/mac/Documents/Personal Github/React-google-maps/src/actions/ActionTypes.js": {"path":"/Users/mac/Documents/Personal Github/React-google-maps/src/actions/ActionTypes.js","statementMap":{},"fnMap":{},"branchMap":{},"s":{},"f":{},"b":{},"_coverageSchema":"332fd63041d2c1bcb487cc26dd0d5f7d97098a6c","hash":"861dbe1232e8c306e6b92d665bf55f2abccb983c"}
,"/Users/mac/Documents/Personal Github/React-google-maps/src/actions/index.js": {"path":"/Users/mac/Documents/Personal Github/React-google-maps/src/actions/index.js","statementMap":{"0":{"start":{"line":3,"column":30},"end":{"line":33,"column":1}},"1":{"start":{"line":4,"column":20},"end":{"line":27,"column":6}},"2":{"start":{"line":5,"column":8},"end":{"line":26,"column":11}},"3":{"start":{"line":29,"column":4},"end":{"line":32,"column":6}}},"fnMap":{"0":{"name":"(anonymous_0)","decl":{"start":{"line":3,"column":30},"end":{"line":3,"column":31}},"loc":{"start":{"line":3,"column":36},"end":{"line":33,"column":1}},"line":3},"1":{"name":"(anonymous_1)","decl":{"start":{"line":4,"column":32},"end":{"line":4,"column":33}},"loc":{"start":{"line":4,"column":53},"end":{"line":27,"column":5}},"line":4}},"branchMap":{},"s":{"0":1,"1":0,"2":0,"3":0},"f":{"0":0,"1":0},"b":{},"_coverageSchema":"332fd63041d2c1bcb487cc26dd0d5f7d97098a6c","hash":"fb22392a67639fa6003bec45bd578ca80390733e"}
,"/Users/mac/Documents/Personal Github/React-google-maps/src/components/MapItem.jsx": {"path":"/Users/mac/Documents/Personal Github/React-google-maps/src/components/MapItem.jsx","statementMap":{"0":{"start":{"line":17,"column":45},"end":{"line":17,"column":55}},"1":{"start":{"line":19,"column":8},"end":{"line":31,"column":10}},"2":{"start":{"line":25,"column":20},"end":{"line":28,"column":22}}},"fnMap":{"0":{"name":"(anonymous_0)","decl":{"start":{"line":16,"column":4},"end":{"line":16,"column":5}},"loc":{"start":{"line":16,"column":13},"end":{"line":32,"column":5}},"line":16},"1":{"name":"(anonymous_1)","decl":{"start":{"line":24,"column":66},"end":{"line":24,"column":67}},"loc":{"start":{"line":25,"column":20},"end":{"line":28,"column":22}},"line":25}},"branchMap":{"0":{"loc":{"start":{"line":24,"column":17},"end":{"line":29,"column":25}},"type":"cond-expr","locations":[{"start":{"line":24,"column":51},"end":{"line":29,"column":18}},{"start":{"line":29,"column":21},"end":{"line":29,"column":25}}],"line":24},"1":{"loc":{"start":{"line":24,"column":17},"end":{"line":24,"column":48}},"type":"binary-expr","locations":[{"start":{"line":24,"column":17},"end":{"line":24,"column":27}},{"start":{"line":24,"column":31},"end":{"line":24,"column":48}}],"line":24}},"s":{"0":0,"1":0,"2":0},"f":{"0":0,"1":0},"b":{"0":[0,0],"1":[0,0]},"_coverageSchema":"332fd63041d2c1bcb487cc26dd0d5f7d97098a6c","hash":"e949089bb2760acd0e0e8094a45f42463729f7c2"}
,"/Users/mac/Documents/Personal Github/React-google-maps/src/pages/app/App.jsx": {"path":"/Users/mac/Documents/Personal Github/React-google-maps/src/pages/app/App.jsx","statementMap":{"0":{"start":{"line":24,"column":8},"end":{"line":24,"column":36}},"1":{"start":{"line":28,"column":8},"end":{"line":28,"column":56}},"2":{"start":{"line":32,"column":8},"end":{"line":40,"column":9}},"3":{"start":{"line":33,"column":25},"end":{"line":33,"column":73}},"4":{"start":{"line":35,"column":12},"end":{"line":37,"column":13}},"5":{"start":{"line":36,"column":16},"end":{"line":36,"column":69}},"6":{"start":{"line":39,"column":12},"end":{"line":39,"column":27}},"7":{"start":{"line":44,"column":33},"end":{"line":44,"column":43}},"8":{"start":{"line":45,"column":31},"end":{"line":45,"column":41}},"9":{"start":{"line":47,"column":8},"end":{"line":73,"column":10}},"10":{"start":{"line":51,"column":24},"end":{"line":55,"column":26}},"11":{"start":{"line":67,"column":41},"end":{"line":67,"column":59}},"12":{"start":{"line":77,"column":24},"end":{"line":79,"column":2}},"13":{"start":{"line":77,"column":34},"end":{"line":79,"column":1}},"14":{"start":{"line":81,"column":27},"end":{"line":83,"column":1}}},"fnMap":{"0":{"name":"(anonymous_0)","decl":{"start":{"line":23,"column":4},"end":{"line":23,"column":5}},"loc":{"start":{"line":23,"column":25},"end":{"line":25,"column":5}},"line":23},"1":{"name":"(anonymous_1)","decl":{"start":{"line":27,"column":18},"end":{"line":27,"column":19}},"loc":{"start":{"line":27,"column":35},"end":{"line":29,"column":5}},"line":27},"2":{"name":"(anonymous_2)","decl":{"start":{"line":31,"column":20},"end":{"line":31,"column":21}},"loc":{"start":{"line":31,"column":27},"end":{"line":41,"column":5}},"line":31},"3":{"name":"(anonymous_3)","decl":{"start":{"line":43,"column":4},"end":{"line":43,"column":5}},"loc":{"start":{"line":43,"column":13},"end":{"line":74,"column":5}},"line":43},"4":{"name":"(anonymous_4)","decl":{"start":{"line":50,"column":70},"end":{"line":50,"column":71}},"loc":{"start":{"line":51,"column":24},"end":{"line":55,"column":26}},"line":51},"5":{"name":"(anonymous_5)","decl":{"start":{"line":67,"column":36},"end":{"line":67,"column":37}},"loc":{"start":{"line":67,"column":41},"end":{"line":67,"column":59}},"line":67},"6":{"name":"(anonymous_6)","decl":{"start":{"line":77,"column":24},"end":{"line":77,"column":25}},"loc":{"start":{"line":77,"column":34},"end":{"line":79,"column":1}},"line":77}},"branchMap":{"0":{"loc":{"start":{"line":35,"column":12},"end":{"line":37,"column":13}},"type":"if","locations":[{"start":{"line":35,"column":12},"end":{"line":37,"column":13}},{"start":{"line":35,"column":12},"end":{"line":37,"column":13}}],"line":35},"1":{"loc":{"start":{"line":50,"column":21},"end":{"line":56,"column":29}},"type":"cond-expr","locations":[{"start":{"line":50,"column":55},"end":{"line":56,"column":22}},{"start":{"line":56,"column":25},"end":{"line":56,"column":29}}],"line":50},"2":{"loc":{"start":{"line":50,"column":21},"end":{"line":50,"column":52}},"type":"binary-expr","locations":[{"start":{"line":50,"column":21},"end":{"line":50,"column":31}},{"start":{"line":50,"column":35},"end":{"line":50,"column":52}}],"line":50}},"s":{"0":1,"1":0,"2":0,"3":0,"4":0,"5":0,"6":0,"7":1,"8":1,"9":1,"10":0,"11":0,"12":1,"13":1,"14":1},"f":{"0":1,"1":0,"2":0,"3":1,"4":0,"5":0,"6":1},"b":{"0":[0,0],"1":[0,1],"2":[1,1]},"_coverageSchema":"332fd63041d2c1bcb487cc26dd0d5f7d97098a6c","hash":"1cc004f71f4ac4981cf32ff80ae704b07788ec7d"}
,"/Users/mac/Documents/Personal Github/React-google-maps/src/pages/app/AppListItem.js": {"path":"/Users/mac/Documents/Personal Github/React-google-maps/src/pages/app/AppListItem.js","statementMap":{"0":{"start":{"line":11,"column":8},"end":{"line":11,"column":27}},"1":{"start":{"line":12,"column":25},"end":{"line":12,"column":35}},"2":{"start":{"line":14,"column":8},"end":{"line":14,"column":49}},"3":{"start":{"line":18,"column":25},"end":{"line":18,"column":35}},"4":{"start":{"line":20,"column":8},"end":{"line":20,"column":67}},"5":{"start":{"line":24,"column":25},"end":{"line":24,"column":35}},"6":{"start":{"line":26,"column":8},"end":{"line":39,"column":10}}},"fnMap":{"0":{"name":"(anonymous_0)","decl":{"start":{"line":10,"column":19},"end":{"line":10,"column":20}},"loc":{"start":{"line":10,"column":26},"end":{"line":15,"column":5}},"line":10},"1":{"name":"(anonymous_1)","decl":{"start":{"line":17,"column":22},"end":{"line":17,"column":23}},"loc":{"start":{"line":17,"column":29},"end":{"line":21,"column":5}},"line":17},"2":{"name":"(anonymous_2)","decl":{"start":{"line":23,"column":4},"end":{"line":23,"column":5}},"loc":{"start":{"line":23,"column":13},"end":{"line":40,"column":5}},"line":23}},"branchMap":{},"s":{"0":0,"1":0,"2":0,"3":0,"4":0,"5":1,"6":1},"f":{"0":0,"1":0,"2":1},"b":{},"_coverageSchema":"332fd63041d2c1bcb487cc26dd0d5f7d97098a6c","hash":"122c82978981f933676d9214a137229875a88eb1"}
,"/Users/mac/Documents/Personal Github/React-google-maps/tests/setup.js": {"path":"/Users/mac/Documents/Personal Github/React-google-maps/tests/setup.js","statementMap":{"0":{"start":{"line":4,"column":0},"end":{"line":4,"column":38}}},"fnMap":{},"branchMap":{},"s":{"0":3},"f":{},"b":{},"_coverageSchema":"332fd63041d2c1bcb487cc26dd0d5f7d97098a6c","hash":"520daa645e6b3946bf5a58d1941ed15a481a5c09"}
}
