TN:
SF:/Users/mac/Documents/Personal Github/React-google-maps/src/actions/ActionTypes.js
FNF:0
FNH:0
LF:0
LH:0
BRF:0
BRH:0
end_of_record
TN:
SF:/Users/mac/Documents/Personal Github/React-google-maps/src/actions/index.js
FN:3,(anonymous_0)
FN:4,(anonymous_1)
FNF:2
FNH:0
FNDA:0,(anonymous_0)
FNDA:0,(anonymous_1)
DA:3,1
DA:4,0
DA:5,0
DA:29,0
LF:4
LH:1
BRF:0
BRH:0
end_of_record
TN:
SF:/Users/mac/Documents/Personal Github/React-google-maps/src/components/MapItem.jsx
FN:16,(anonymous_0)
FN:24,(anonymous_1)
FNF:2
FNH:0
FNDA:0,(anonymous_0)
FNDA:0,(anonymous_1)
DA:17,0
DA:19,0
DA:25,0
LF:3
LH:0
BRDA:24,0,0,0
BRDA:24,0,1,0
BRDA:24,1,0,0
BRDA:24,1,1,0
BRF:4
BRH:0
end_of_record
TN:
SF:/Users/mac/Documents/Personal Github/React-google-maps/src/pages/app/App.jsx
FN:23,(anonymous_0)
FN:27,(anonymous_1)
FN:31,(anonymous_2)
FN:43,(anonymous_3)
FN:50,(anonymous_4)
FN:67,(anonymous_5)
FN:77,(anonymous_6)
FNF:7
FNH:3
FNDA:1,(anonymous_0)
FNDA:0,(anonymous_1)
FNDA:0,(anonymous_2)
FNDA:1,(anonymous_3)
FNDA:0,(anonymous_4)
FNDA:0,(anonymous_5)
FNDA:1,(anonymous_6)
DA:24,1
DA:28,0
DA:32,0
DA:33,0
DA:35,0
DA:36,0
DA:39,0
DA:44,1
DA:45,1
DA:47,1
DA:51,0
DA:67,0
DA:77,1
DA:81,1
LF:14
LH:6
BRDA:35,0,0,0
BRDA:35,0,1,0
BRDA:50,1,0,0
BRDA:50,1,1,1
BRDA:50,2,0,1
BRDA:50,2,1,1
BRF:6
BRH:3
end_of_record
TN:
SF:/Users/mac/Documents/Personal Github/React-google-maps/src/pages/app/AppListItem.js
FN:10,(anonymous_0)
FN:17,(anonymous_1)
FN:23,(anonymous_2)
FNF:3
FNH:1
FNDA:0,(anonymous_0)
FNDA:0,(anonymous_1)
FNDA:1,(anonymous_2)
DA:11,0
DA:12,0
DA:14,0
DA:18,0
DA:20,0
DA:24,1
DA:26,1
LF:7
LH:2
BRF:0
BRH:0
end_of_record
TN:
SF:/Users/mac/Documents/Personal Github/React-google-maps/tests/setup.js
FNF:0
FNH:0
DA:4,3
LF:1
LH:1
BRF:0
BRH:0
end_of_record
